<?xml version="1.0" encoding="UTF-8"?>
<testng-results ignored="0" total="2" passed="2" failed="0" skipped="0">
  <reporter-output>
  </reporter-output>
  <suite started-at="2022-06-17T23:11:38 IST" name="Suite" finished-at="2022-06-17T23:12:46 IST" duration-ms="67459">
    <groups>
    </groups>
    <test started-at="2022-06-17T23:11:38 IST" name="Test on chrome" finished-at="2022-06-17T23:12:21 IST" duration-ms="42259">
      <class name="com.liveproject.LoginTest">
        <test-method is-config="true" signature="openBroswer(java.lang.String)[pri:0, instance:com.liveproject.LoginTest@fa49800]" started-at="2022-06-17T23:11:38 IST" name="openBroswer" finished-at="2022-06-17T23:11:43 IST" duration-ms="4014" status="PASS">
          <params>
            <param index="0">
              <value>
                <![CDATA[firefox]]>
              </value>
            </param>
          </params>
          <reporter-output>
          </reporter-output>
        </test-method> <!-- openBroswer -->
        <test-method signature="loginRediff()[pri:0, instance:com.liveproject.LoginTest@fa49800]" started-at="2022-06-17T23:11:43 IST" name="loginRediff" finished-at="2022-06-17T23:12:19 IST" duration-ms="36461" status="PASS">
          <reporter-output>
          </reporter-output>
        </test-method> <!-- loginRediff -->
        <test-method is-config="true" signature="closeBrowser()[pri:0, instance:com.liveproject.LoginTest@fa49800]" started-at="2022-06-17T23:12:19 IST" name="closeBrowser" finished-at="2022-06-17T23:12:21 IST" duration-ms="1751" status="PASS">
          <reporter-output>
          </reporter-output>
        </test-method> <!-- closeBrowser -->
      </class> <!-- com.liveproject.LoginTest -->
    </test> <!-- Test on chrome -->
    <test started-at="2022-06-17T23:11:38 IST" name="Test on firefox" finished-at="2022-06-17T23:12:46 IST" duration-ms="67459">
      <class name="com.liveproject.LoginTest">
        <test-method is-config="true" signature="openBroswer(java.lang.String)[pri:0, instance:com.liveproject.LoginTest@2ed2d9cb]" started-at="2022-06-17T23:11:38 IST" name="openBroswer" finished-at="2022-06-17T23:11:44 IST" duration-ms="5862" status="PASS">
          <params>
            <param index="0">
              <value>
                <![CDATA[chrome]]>
              </value>
            </param>
          </params>
          <reporter-output>
          </reporter-output>
        </test-method> <!-- openBroswer -->
        <test-method signature="loginRediff()[pri:0, instance:com.liveproject.LoginTest@2ed2d9cb]" started-at="2022-06-17T23:11:44 IST" name="loginRediff" finished-at="2022-06-17T23:12:45 IST" duration-ms="61034" status="PASS">
          <reporter-output>
          </reporter-output>
        </test-method> <!-- loginRediff -->
        <test-method is-config="true" signature="closeBrowser()[pri:0, instance:com.liveproject.LoginTest@2ed2d9cb]" started-at="2022-06-17T23:12:45 IST" name="closeBrowser" finished-at="2022-06-17T23:12:46 IST" duration-ms="556" status="PASS">
          <reporter-output>
          </reporter-output>
        </test-method> <!-- closeBrowser -->
      </class> <!-- com.liveproject.LoginTest -->
    </test> <!-- Test on firefox -->
  </suite> <!-- Suite -->
</testng-results>
